{
  "stats": {
    "suites": 1,
    "tests": 5,
    "passes": 5,
    "pending": 0,
    "failures": 0,
    "start": "2025-02-28T00:50:31.240Z",
    "end": "2025-02-28T00:50:32.603Z",
    "duration": 1363,
    "testsRegistered": 5,
    "passPercent": 100,
    "pendingPercent": 0,
    "other": 0,
    "hasOther": false,
    "skipped": 0,
    "hasSkipped": false
  },
  "results": [
    {
      "uuid": "67f2386e-b415-4925-aa2c-e6fd94a225ff",
      "title": "",
      "fullFile": "cypress\\e2e\\api_tests.cy.js",
      "file": "cypress\\e2e\\api_tests.cy.js",
      "beforeHooks": [],
      "afterHooks": [],
      "tests": [],
      "suites": [
        {
          "uuid": "00e2c32b-8f03-4f64-8e30-f10d5878c607",
          "title": "API Tests - JSONPlaceholder",
          "fullFile": "",
          "file": "",
          "beforeHooks": [],
          "afterHooks": [],
          "tests": [
            {
              "title": "✅ GET - Deve retornar uma lista de posts",
              "fullTitle": "API Tests - JSONPlaceholder ✅ GET - Deve retornar uma lista de posts",
              "timedOut": null,
              "duration": 245,
              "state": "passed",
              "speed": "fast",
              "pass": true,
              "fail": false,
              "pending": false,
              "context": null,
              "code": "cy.request(\"GET\", \"/posts\").then(response => {\n  expect(response.status).to.eq(200);\n  expect(response.body).to.be.an(\"array\");\n});",
              "err": {},
              "uuid": "3c183fb5-7b5f-470f-a241-cfab6663c3f2",
              "parentUUID": "00e2c32b-8f03-4f64-8e30-f10d5878c607",
              "isHook": false,
              "skipped": false
            },
            {
              "title": "❌ GET - Deve falhar ao buscar um post inexistente",
              "fullTitle": "API Tests - JSONPlaceholder ❌ GET - Deve falhar ao buscar um post inexistente",
              "timedOut": null,
              "duration": 58,
              "state": "passed",
              "speed": "fast",
              "pass": true,
              "fail": false,
              "pending": false,
              "context": null,
              "code": "cy.request({\n  method: \"GET\",\n  url: \"/posts/999999\",\n  failOnStatusCode: false\n}).then(response => {\n  expect(response.status).to.eq(404);\n});",
              "err": {},
              "uuid": "2d1ebc64-f193-4d59-9b7f-25d26d71ddc5",
              "parentUUID": "00e2c32b-8f03-4f64-8e30-f10d5878c607",
              "isHook": false,
              "skipped": false
            },
            {
              "title": "✅ POST - Deve criar um novo post",
              "fullTitle": "API Tests - JSONPlaceholder ✅ POST - Deve criar um novo post",
              "timedOut": null,
              "duration": 370,
              "state": "passed",
              "speed": "fast",
              "pass": true,
              "fail": false,
              "pending": false,
              "context": null,
              "code": "cy.request(\"POST\", \"/posts\", {\n  title: \"Novo Post\",\n  body: \"Conteúdo do post\",\n  userId: 1\n}).then(response => {\n  expect(response.status).to.eq(201);\n  expect(response.body).to.have.property(\"id\");\n});",
              "err": {},
              "uuid": "86fc62e3-e046-4c2a-b0dd-c5ba0cfaeb0d",
              "parentUUID": "00e2c32b-8f03-4f64-8e30-f10d5878c607",
              "isHook": false,
              "skipped": false
            },
            {
              "title": "✅ PUT - Deve atualizar um post",
              "fullTitle": "API Tests - JSONPlaceholder ✅ PUT - Deve atualizar um post",
              "timedOut": null,
              "duration": 225,
              "state": "passed",
              "speed": "fast",
              "pass": true,
              "fail": false,
              "pending": false,
              "context": null,
              "code": "cy.request(\"PUT\", \"/posts/1\", {\n  id: 1,\n  title: \"Título Atualizado\",\n  body: \"Novo conteúdo\",\n  userId: 1\n}).then(response => {\n  expect(response.status).to.eq(200);\n  expect(response.body.title).to.eq(\"Título Atualizado\");\n});",
              "err": {},
              "uuid": "24e6801f-4559-4049-b155-cee222cae43c",
              "parentUUID": "00e2c32b-8f03-4f64-8e30-f10d5878c607",
              "isHook": false,
              "skipped": false
            },
            {
              "title": "✅ DELETE - Deve excluir um post",
              "fullTitle": "API Tests - JSONPlaceholder ✅ DELETE - Deve excluir um post",
              "timedOut": null,
              "duration": 213,
              "state": "passed",
              "speed": "fast",
              "pass": true,
              "fail": false,
              "pending": false,
              "context": null,
              "code": "cy.request(\"DELETE\", \"/posts/1\").then(response => {\n  expect(response.status).to.eq(200);\n});",
              "err": {},
              "uuid": "b35844ed-9307-4d50-beb8-253d77fd7dde",
              "parentUUID": "00e2c32b-8f03-4f64-8e30-f10d5878c607",
              "isHook": false,
              "skipped": false
            }
          ],
          "suites": [],
          "passes": [
            "3c183fb5-7b5f-470f-a241-cfab6663c3f2",
            "2d1ebc64-f193-4d59-9b7f-25d26d71ddc5",
            "86fc62e3-e046-4c2a-b0dd-c5ba0cfaeb0d",
            "24e6801f-4559-4049-b155-cee222cae43c",
            "b35844ed-9307-4d50-beb8-253d77fd7dde"
          ],
          "failures": [],
          "pending": [],
          "skipped": [],
          "duration": 1111,
          "root": false,
          "rootEmpty": false,
          "_timeout": 2000
        }
      ],
      "passes": [],
      "failures": [],
      "pending": [],
      "skipped": [],
      "duration": 0,
      "root": true,
      "rootEmpty": true,
      "_timeout": 2000
    }
  ],
  "meta": {
    "mocha": {
      "version": "7.0.1"
    },
    "mochawesome": {
      "options": {
        "quiet": false,
        "reportFilename": "mochawesome",
        "saveHtml": true,
        "saveJson": true,
        "consoleReporter": "spec",
        "useInlineDiffs": false,
        "code": true
      },
      "version": "7.1.3"
    },
    "marge": {
      "options": {
        "reportDir": "cypress/reports",
        "overwrite": false,
        "html": true,
        "json": true
      },
      "version": "6.2.0"
    }
  }
}